<?xml version="1.0" encoding="UTF-8"?>
<testsuite name="com.phonebook.tests.HeaderTests" tests="4" skipped="0" failures="0" errors="0" timestamp="2023-06-29T08:35:34" hostname="DESKTOP-OS617JJ" time="0.109">
  <properties/>
  <testcase name="searchAbout" classname="com.phonebook.tests.HeaderTests" time="0.019"/>
  <testcase name="searchHeader" classname="com.phonebook.tests.HeaderTests" time="0.022"/>
  <testcase name="searchHome" classname="com.phonebook.tests.HeaderTests" time="0.02"/>
  <testcase name="searchLogin" classname="com.phonebook.tests.HeaderTests" time="0.024"/>
  <system-out><![CDATA[10:35:34.480 [Test worker] INFO  com.phonebook.tests.TestBase -- Start test searchAbout with data: []
10:35:34.502 [Test worker] INFO  com.phonebook.tests.TestBase -- PASSED: searchAbout
10:35:34.502 [Test worker] INFO  com.phonebook.tests.TestBase -- Stop test
10:35:34.509 [Test worker] INFO  com.phonebook.tests.TestBase -- --------------------------------------------------------------
10:35:34.511 [Test worker] INFO  com.phonebook.tests.TestBase -- Start test searchHeader with data: []
10:35:34.535 [Test worker] INFO  com.phonebook.tests.TestBase -- PASSED: searchHeader
10:35:34.536 [Test worker] INFO  com.phonebook.tests.TestBase -- Stop test
10:35:34.536 [Test worker] INFO  com.phonebook.tests.TestBase -- --------------------------------------------------------------
10:35:34.538 [Test worker] INFO  com.phonebook.tests.TestBase -- Start test searchHome with data: []
10:35:34.560 [Test worker] INFO  com.phonebook.tests.TestBase -- PASSED: searchHome
10:35:34.560 [Test worker] INFO  com.phonebook.tests.TestBase -- Stop test
10:35:34.560 [Test worker] INFO  com.phonebook.tests.TestBase -- --------------------------------------------------------------
10:35:34.564 [Test worker] INFO  com.phonebook.tests.TestBase -- Start test searchLogin with data: []
10:35:34.592 [Test worker] INFO  com.phonebook.tests.TestBase -- PASSED: searchLogin
10:35:34.592 [Test worker] INFO  com.phonebook.tests.TestBase -- Stop test
10:35:34.593 [Test worker] INFO  com.phonebook.tests.TestBase -- --------------------------------------------------------------
]]></system-out>
  <system-err><![CDATA[]]></system-err>
</testsuite>
